[K3Means:iteration=0]-[17:23:55.924]: Getting centroids...
[K3Means:iteration=0]-[17:23:55.926]: Centroids: [-9.293805975483108,8.886169685374657	34.62862904699268,5.535490961190803	39.51585386054981,-1.3613455916076407	]

[K3Means:iteration=1]-[17:24:20.572]: Getting centroids...
[K3Means:iteration=1]-[17:24:20.581]: Centroids: [9.026766246746968,15.149531036266687	41.69349037726066,19.348104858111885	37.00771046183261,-2.737742609013247	]

[K3Means:iteration=2]-[17:24:45.386]: Getting centroids...
[K3Means:iteration=2]-[17:24:45.395]: Centroids: [9.96946733581234,15.04390017773193	49.04215798155962,28.822461902161272	34.88514130291831,0.9235015532232097	]

[K3Means:iteration=3]-[17:25:10.836]: Getting centroids...
[K3Means:iteration=3]-[17:25:10.845]: Centroids: [9.980257744271555,15.104478514213222	49.95794061902753,30.024952024481507	34.978633530662094,1.7000897539227116	]

[K3Means:iteration=4]-[17:25:35.682]: Getting centroids...
[K3Means:iteration=4]-[17:25:35.692]: Centroids: [9.973790534048115,15.1050546740996	50.00012802593707,30.09365298033239	35.00841814681988,1.7745619747090762	]

[K6Means:iteration=0]-[17:26:00.653]: Getting centroids...
[K6Means:iteration=0]-[17:26:00.656]: Centroids: [-9.293805975483108,8.886169685374657	34.62862904699268,5.535490961190803	39.51585386054981,-1.3613455916076407	33.920720753353066,7.415095526403888	35.961087794335654,0.950244176833094	7.261294784504573,17.495523876670845	]

[K6Means:iteration=1]-[17:26:25.153]: Getting centroids...
[K6Means:iteration=1]-[17:26:25.164]: Centroids: [-1.3088073763538788,4.25947005844265	35.24807689307329,4.734291426856912	40.79436086099861,-3.84801479297617	47.62401003774378,27.504669245357558	34.11867303711792,0.18848976687491575	10.07974504686315,15.454035859453395	]

[K6Means:iteration=2]-[17:26:50.126]: Getting centroids...
[K6Means:iteration=2]-[17:26:50.136]: Centroids: [3.7572370069455716,4.104810121220395	35.09408206059493,6.08986856046816	40.06435238792155,-5.833715240925168	49.978718222469745,30.08549555612104	33.7428793679554,-0.3985803054606865	10.277288152948685,15.706521664512676	]

[K6Means:iteration=3]-[17:27:15.382]: Getting centroids...
[K6Means:iteration=3]-[17:27:15.392]: Centroids: [6.616989111798223,4.98900318449764	35.32330991010365,6.702446297923699	39.49971699816416,-6.751996308480429	50.06936968623109,30.202732171819168	33.97265371228725,-0.052294782529239775	10.27959142849092,16.116595064089744	]

[K6Means:iteration=4]-[17:27:40.515]: Getting centroids...
[K6Means:iteration=4]-[17:27:40.526]: Centroids: [8.16356761272619,6.015726357127115	35.4991425024936,7.312972948775928	38.799759823607594,-7.366493578864455	50.08307547128558,30.22248420938336	34.17504814612778,0.3568408400440968	10.226478694749101,16.469390599143953	]

